2022-11-30 10:58:48,770 WARN  [SoapUI] Missing folder [C:\Users\imed\eclipse-workspace\com.petsore.swagger.io.maven\ext] for external libraries
2022-11-30 10:58:48,959 INFO  [DefaultSoapUICore] initialized soapui-settings from [C:\Users\imed\soapui-settings.xml]
2022-11-30 10:58:49,544 ERROR [SoapUI] An error occurred [The plugin 'C:\Users\imed\.soapuios\plugins\ready-uxm-plugin-os-1.0.3.jar' has unsigned class files.], see error log for details
2022-11-30 10:58:49,564 ERROR [errorlog] java.lang.SecurityException: The plugin 'C:\Users\imed\.soapuios\plugins\ready-uxm-plugin-os-1.0.3.jar' has unsigned class files.
java.lang.SecurityException: The plugin 'C:\Users\imed\.soapuios\plugins\ready-uxm-plugin-os-1.0.3.jar' has unsigned class files.
	at com.eviware.soapui.plugins.ProductBodyguard$JarVerifier.verify(ProductBodyguard.java:123)
	at com.eviware.soapui.plugins.ProductBodyguard.isKnown(ProductBodyguard.java:55)
	at com.eviware.soapui.plugins.PluginManager.loadPlugins(PluginManager.java:98)
	at com.eviware.soapui.DefaultSoapUICore.loadPlugins(DefaultSoapUICore.java:167)
	at com.eviware.soapui.DefaultSoapUICore.init(DefaultSoapUICore.java:145)
	at com.eviware.soapui.DefaultSoapUICore.<init>(DefaultSoapUICore.java:132)
	at com.eviware.soapui.tools.AbstractSoapUIRunner.createSoapUICore(AbstractSoapUIRunner.java:216)
	at com.eviware.soapui.tools.AbstractSoapUIRunner.run(AbstractSoapUIRunner.java:192)
	at com.eviware.soapui.maven2.TestMojo.execute(TestMojo.java:114)
	at org.apache.maven.plugin.DefaultBuildPluginManager.executeMojo(DefaultBuildPluginManager.java:137)
	at org.apache.maven.lifecycle.internal.MojoExecutor.doExecute2(MojoExecutor.java:370)
	at org.apache.maven.lifecycle.internal.MojoExecutor.doExecute(MojoExecutor.java:351)
	at org.apache.maven.lifecycle.internal.MojoExecutor.execute(MojoExecutor.java:215)
	at org.apache.maven.lifecycle.internal.MojoExecutor.execute(MojoExecutor.java:171)
	at org.apache.maven.lifecycle.internal.MojoExecutor.execute(MojoExecutor.java:163)
	at org.apache.maven.lifecycle.internal.LifecycleModuleBuilder.buildProject(LifecycleModuleBuilder.java:117)
	at org.apache.maven.lifecycle.internal.LifecycleModuleBuilder.buildProject(LifecycleModuleBuilder.java:81)
	at org.apache.maven.lifecycle.internal.builder.singlethreaded.SingleThreadedBuilder.build(SingleThreadedBuilder.java:56)
	at org.apache.maven.lifecycle.internal.LifecycleStarter.execute(LifecycleStarter.java:128)
	at org.apache.maven.DefaultMaven.doExecute(DefaultMaven.java:294)
	at org.apache.maven.DefaultMaven.doExecute(DefaultMaven.java:192)
	at org.apache.maven.DefaultMaven.execute(DefaultMaven.java:105)
	at org.apache.maven.cli.MavenCli.execute(MavenCli.java:960)
	at org.apache.maven.cli.MavenCli.doMain(MavenCli.java:293)
	at org.apache.maven.cli.MavenCli.main(MavenCli.java:196)
	at java.base/jdk.internal.reflect.DirectMethodHandleAccessor.invoke(DirectMethodHandleAccessor.java:104)
	at java.base/java.lang.reflect.Method.invoke(Method.java:577)
	at org.codehaus.plexus.classworlds.launcher.Launcher.launchEnhanced(Launcher.java:282)
	at org.codehaus.plexus.classworlds.launcher.Launcher.launch(Launcher.java:225)
	at org.codehaus.plexus.classworlds.launcher.Launcher.mainWithExitCode(Launcher.java:406)
	at org.codehaus.plexus.classworlds.launcher.Launcher.main(Launcher.java:347)
2022-11-30 10:58:49,568 WARN  [SoapUI] Plugin 'ready-uxm-plugin-os-1.0.3.jar' is not loaded because it hasn't been signed by SmartBear Software.
2022-11-30 10:58:49,801 INFO  [PluginManager] Adding plugin from [C:\Users\imed\.soapuios\plugins\readyapi-postman-1.0.1.jar]
2022-11-30 10:58:50,505 WARN  [PluginManager] Could not load plugin from file [C:\Users\imed\.soapuios\plugins\readyapi-postman-1.0.1.jar]
com.eviware.soapui.plugins.InvalidPluginException: Error loading plugin class com.smartbear.postman.PluginConfig
	at com.eviware.soapui.plugins.PluginLoader.loadPlugin(PluginLoader.java:114)
	at com.eviware.soapui.plugins.PluginLoader.loadPlugin(PluginLoader.java:54)
	at com.eviware.soapui.plugins.PluginManager.doInstallPlugin(PluginManager.java:141)
	at com.eviware.soapui.plugins.PluginManager.access$600(PluginManager.java:43)
	at com.eviware.soapui.plugins.PluginManager$LoadPluginsTask.computeSequentially(PluginManager.java:420)
	at com.eviware.soapui.plugins.PluginManager$LoadPluginsTask.compute(PluginManager.java:377)
	at com.eviware.soapui.plugins.PluginManager$LoadPluginsTask.compute(PluginManager.java:365)
	at java.base/java.util.concurrent.RecursiveTask.exec(RecursiveTask.java:100)
	at java.base/java.util.concurrent.ForkJoinTask.doExec(ForkJoinTask.java:373)
	at java.base/java.util.concurrent.ForkJoinPool$WorkQueue.topLevelExec(ForkJoinPool.java:1182)
	at java.base/java.util.concurrent.ForkJoinPool.scan(ForkJoinPool.java:1655)
	at java.base/java.util.concurrent.ForkJoinPool.runWorker(ForkJoinPool.java:1622)
	at java.base/java.util.concurrent.ForkJoinWorkerThread.run(ForkJoinWorkerThread.java:165)
Caused by: org.reflections.ReflectionsException: could not get type for name com.eviware.soapui.plugins.auto.PluginSubReport
	at org.reflections.ReflectionUtils.forName(ReflectionUtils.java:378)
	at org.reflections.ReflectionUtils.forNames(ReflectionUtils.java:387)
	at org.reflections.Reflections.getTypesAnnotatedWith(Reflections.java:351)
	at com.eviware.soapui.plugins.LoaderBase.loadAutoFactories(LoaderBase.java:108)
	at com.eviware.soapui.plugins.LoaderBase.loadFactories(LoaderBase.java:80)
	at com.eviware.soapui.plugins.PluginLoader.loadPluginFactories(PluginLoader.java:141)
	at com.eviware.soapui.plugins.PluginLoader.loadPlugin(PluginLoader.java:104)
	... 12 more
2022-11-30 10:58:50,519 INFO  [PluginManager] Adding plugin from [C:\Users\imed\.soapuios\plugins\ready-mqtt-plugin-dist.jar]
2022-11-30 10:58:51,263 WARN  [PluginManager] Could not load plugin from file [C:\Users\imed\.soapuios\plugins\ready-mqtt-plugin-dist.jar]
com.eviware.soapui.plugins.InvalidPluginException: Error loading plugin class com.smartbear.mqttsupport.PluginConfig
	at com.eviware.soapui.plugins.PluginLoader.loadPlugin(PluginLoader.java:114)
	at com.eviware.soapui.plugins.PluginLoader.loadPlugin(PluginLoader.java:54)
	at com.eviware.soapui.plugins.PluginManager.doInstallPlugin(PluginManager.java:141)
	at com.eviware.soapui.plugins.PluginManager.access$600(PluginManager.java:43)
	at com.eviware.soapui.plugins.PluginManager$LoadPluginsTask.computeSequentially(PluginManager.java:420)
	at com.eviware.soapui.plugins.PluginManager$LoadPluginsTask.compute(PluginManager.java:377)
	at com.eviware.soapui.plugins.PluginManager$LoadPluginsTask.compute(PluginManager.java:365)
	at java.base/java.util.concurrent.RecursiveTask.exec(RecursiveTask.java:100)
	at java.base/java.util.concurrent.ForkJoinTask.doExec(ForkJoinTask.java:373)
	at java.base/java.util.concurrent.ForkJoinPool$WorkQueue.topLevelExec(ForkJoinPool.java:1182)
	at java.base/java.util.concurrent.ForkJoinPool.scan(ForkJoinPool.java:1655)
	at java.base/java.util.concurrent.ForkJoinPool.runWorker(ForkJoinPool.java:1622)
	at java.base/java.util.concurrent.ForkJoinWorkerThread.run(ForkJoinWorkerThread.java:165)
Caused by: org.reflections.ReflectionsException: could not get type for name com.eviware.soapui.plugins.auto.PluginSubReport
	at org.reflections.ReflectionUtils.forName(ReflectionUtils.java:378)
	at org.reflections.ReflectionUtils.forNames(ReflectionUtils.java:387)
	at org.reflections.Reflections.getTypesAnnotatedWith(Reflections.java:351)
	at com.eviware.soapui.plugins.LoaderBase.loadAutoFactories(LoaderBase.java:108)
	at com.eviware.soapui.plugins.LoaderBase.loadFactories(LoaderBase.java:80)
	at com.eviware.soapui.plugins.PluginLoader.loadPluginFactories(PluginLoader.java:141)
	at com.eviware.soapui.plugins.PluginLoader.loadPlugin(PluginLoader.java:104)
	... 12 more
2022-11-30 10:58:51,268 INFO  [PluginManager] 2 plugins loaded in 1468 ms
2022-11-30 10:58:51,268 INFO  [DefaultSoapUICore] All plugins loaded
2022-11-30 10:58:51,839 INFO  [WsdlProject] Loaded project from [file:/C:/Users/imed/eclipse-workspace/com.petsore.swagger.io.maven/src/test/resources/soapui/TUTORIAL-API-REST-Project-soapui-project.xml]
2022-11-30 10:58:51,845 INFO  [SoapUITestCaseRunner] Setting project property [property1] to [fromMaven1]
2022-11-30 10:58:51,850 INFO  [SoapUITestCaseRunner] Setting project property [property2] to [fromMaven1]
2022-11-30 10:58:51,852 INFO  [SoapUITestCaseRunner] Running SoapUI tests in project [TUTORIAL API REST Project]
2022-11-30 10:58:51,854 INFO  [SoapUITestCaseRunner] Running Project [TUTORIAL API REST Project], runType = SEQUENTIAL
2022-11-30 10:58:51,881 INFO  [SoapUITestCaseRunner] Running SoapUI testcase [TestCase 1]
2022-11-30 10:58:51,892 INFO  [SoapUITestCaseRunner] running step [Swagger.json 1 - Request 1]
2022-11-30 10:58:52,553 ERROR [SoapUI] An error occurred [class org.apache.commons.beanutils.PropertyUtilsBean cannot access class sun.security.ssl.SSLSocketImpl (in module java.base) because module java.base does not export sun.security.ssl to unnamed module @14c93774], see error log for details
2022-11-30 10:58:52,553 ERROR [errorlog] java.lang.IllegalAccessException: class org.apache.commons.beanutils.PropertyUtilsBean cannot access class sun.security.ssl.SSLSocketImpl (in module java.base) because module java.base does not export sun.security.ssl to unnamed module @14c93774
java.lang.IllegalAccessException: class org.apache.commons.beanutils.PropertyUtilsBean cannot access class sun.security.ssl.SSLSocketImpl (in module java.base) because module java.base does not export sun.security.ssl to unnamed module @14c93774
	at java.base/jdk.internal.reflect.Reflection.newIllegalAccessException(Reflection.java:394)
	at java.base/java.lang.reflect.AccessibleObject.checkAccess(AccessibleObject.java:674)
	at java.base/java.lang.reflect.Method.invoke(Method.java:568)
	at org.apache.commons.beanutils.PropertyUtilsBean.invokeMethod(PropertyUtilsBean.java:1773)
	at org.apache.commons.beanutils.PropertyUtilsBean.setSimpleProperty(PropertyUtilsBean.java:1759)
	at org.apache.commons.beanutils.PropertyUtilsBean.setNestedProperty(PropertyUtilsBean.java:1648)
	at org.apache.commons.beanutils.PropertyUtilsBean.setProperty(PropertyUtilsBean.java:1677)
	at org.apache.commons.beanutils.PropertyUtils.setProperty(PropertyUtils.java:559)
	at com.eviware.soapui.impl.wsdl.support.http.SoapUIMultiThreadedHttpConnectionManager$SoapUIClientConnectionOperator.openConnection(SoapUIMultiThreadedHttpConnectionManager.java:257)
	at org.apache.http.impl.conn.AbstractPoolEntry.open(AbstractPoolEntry.java:149)
	at org.apache.http.impl.conn.AbstractPooledConnAdapter.open(AbstractPooledConnAdapter.java:121)
	at org.apache.http.impl.client.DefaultRequestDirector.tryConnect(DefaultRequestDirector.java:561)
	at org.apache.http.impl.client.DefaultRequestDirector.execute(DefaultRequestDirector.java:415)
	at org.apache.http.impl.client.AbstractHttpClient.execute(AbstractHttpClient.java:820)
	at org.apache.http.impl.client.AbstractHttpClient.execute(AbstractHttpClient.java:754)
	at com.eviware.soapui.impl.wsdl.support.http.HttpClientSupport$Helper.execute(HttpClientSupport.java:233)
	at com.eviware.soapui.impl.wsdl.support.http.HttpClientSupport.execute(HttpClientSupport.java:323)
	at com.eviware.soapui.impl.wsdl.submit.transports.http.HttpClientRequestTransport.submitRequest(HttpClientRequestTransport.java:297)
	at com.eviware.soapui.impl.wsdl.submit.transports.http.HttpClientRequestTransport.followRedirects(HttpClientRequestTransport.java:337)
	at com.eviware.soapui.impl.wsdl.submit.transports.http.HttpClientRequestTransport.sendRequest(HttpClientRequestTransport.java:242)
	at com.eviware.soapui.impl.wsdl.WsdlSubmit.run(WsdlSubmit.java:119)
	at com.eviware.soapui.impl.wsdl.WsdlSubmit.submitRequest(WsdlSubmit.java:79)
	at com.eviware.soapui.impl.rest.RestRequest.submit(RestRequest.java:192)
	at com.eviware.soapui.impl.wsdl.teststeps.RestTestRequestStep.run(RestTestRequestStep.java:794)
	at com.eviware.soapui.impl.wsdl.support.AbstractTestCaseRunner.runTestStep(AbstractTestCaseRunner.java:211)
	at com.eviware.soapui.impl.wsdl.testcase.WsdlTestCaseRunner.runCurrentTestStep(WsdlTestCaseRunner.java:47)
	at com.eviware.soapui.impl.wsdl.support.AbstractTestCaseRunner.internalRun(AbstractTestCaseRunner.java:138)
	at com.eviware.soapui.impl.wsdl.support.AbstractTestCaseRunner.internalRun(AbstractTestCaseRunner.java:46)
	at com.eviware.soapui.impl.wsdl.support.AbstractTestRunner.run(AbstractTestRunner.java:128)
	at java.base/java.util.concurrent.Executors$RunnableAdapter.call(Executors.java:539)
	at java.base/java.util.concurrent.FutureTask.run(FutureTask.java:264)
	at java.base/java.util.concurrent.ThreadPoolExecutor.runWorker(ThreadPoolExecutor.java:1136)
	at java.base/java.util.concurrent.ThreadPoolExecutor$Worker.run(ThreadPoolExecutor.java:635)
	at java.base/java.lang.Thread.run(Thread.java:833)
2022-11-30 10:58:53,818 INFO  [SoapUITestCaseRunner] Assertion [Contains] has status VALID
2022-11-30 10:58:53,830 INFO  [SoapUITestCaseRunner] Finished running SoapUI testcase [TestCase 1], time taken: 1139ms, status: FINISHED
2022-11-30 10:58:53,835 INFO  [SoapUITestCaseRunner] Project [TUTORIAL API REST Project] finished with status [FINISHED] in 1975ms
2022-11-30 10:58:53,867 WARN  [Tools] Could not delete temporary directory C:\Users\imed\AppData\Local\Temp\e3710459-23c8-4da1-8bac-9f5da4ee0b31
2022-11-30 10:58:53,869 WARN  [Tools] Could not delete temporary directory C:\Users\imed\AppData\Local\Temp\a2051385-8ed9-4368-ba87-5029738f5568
