2022-11-30 10:55:37,817 ERROR [errorlog] java.lang.SecurityException: The plugin 'C:\Users\imed\.soapuios\plugins\ready-uxm-plugin-os-1.0.3.jar' has unsigned class files.
java.lang.SecurityException: The plugin 'C:\Users\imed\.soapuios\plugins\ready-uxm-plugin-os-1.0.3.jar' has unsigned class files.
	at com.eviware.soapui.plugins.ProductBodyguard$JarVerifier.verify(ProductBodyguard.java:123)
	at com.eviware.soapui.plugins.ProductBodyguard.isKnown(ProductBodyguard.java:55)
	at com.eviware.soapui.plugins.PluginManager.loadPlugins(PluginManager.java:98)
	at com.eviware.soapui.DefaultSoapUICore.loadPlugins(DefaultSoapUICore.java:167)
	at com.eviware.soapui.DefaultSoapUICore.init(DefaultSoapUICore.java:145)
	at com.eviware.soapui.DefaultSoapUICore.<init>(DefaultSoapUICore.java:132)
	at com.eviware.soapui.tools.AbstractSoapUIRunner.createSoapUICore(AbstractSoapUIRunner.java:216)
	at com.eviware.soapui.tools.AbstractSoapUIRunner.run(AbstractSoapUIRunner.java:192)
	at com.eviware.soapui.maven2.TestMojo.execute(TestMojo.java:114)
	at org.apache.maven.plugin.DefaultBuildPluginManager.executeMojo(DefaultBuildPluginManager.java:137)
	at org.apache.maven.lifecycle.internal.MojoExecutor.doExecute2(MojoExecutor.java:370)
	at org.apache.maven.lifecycle.internal.MojoExecutor.doExecute(MojoExecutor.java:351)
	at org.apache.maven.lifecycle.internal.MojoExecutor.execute(MojoExecutor.java:215)
	at org.apache.maven.lifecycle.internal.MojoExecutor.execute(MojoExecutor.java:171)
	at org.apache.maven.lifecycle.internal.MojoExecutor.execute(MojoExecutor.java:163)
	at org.apache.maven.lifecycle.internal.LifecycleModuleBuilder.buildProject(LifecycleModuleBuilder.java:117)
	at org.apache.maven.lifecycle.internal.LifecycleModuleBuilder.buildProject(LifecycleModuleBuilder.java:81)
	at org.apache.maven.lifecycle.internal.builder.singlethreaded.SingleThreadedBuilder.build(SingleThreadedBuilder.java:56)
	at org.apache.maven.lifecycle.internal.LifecycleStarter.execute(LifecycleStarter.java:128)
	at org.apache.maven.DefaultMaven.doExecute(DefaultMaven.java:294)
	at org.apache.maven.DefaultMaven.doExecute(DefaultMaven.java:192)
	at org.apache.maven.DefaultMaven.execute(DefaultMaven.java:105)
	at org.apache.maven.cli.MavenCli.execute(MavenCli.java:960)
	at org.apache.maven.cli.MavenCli.doMain(MavenCli.java:293)
	at org.apache.maven.cli.MavenCli.main(MavenCli.java:196)
	at java.base/jdk.internal.reflect.DirectMethodHandleAccessor.invoke(DirectMethodHandleAccessor.java:104)
	at java.base/java.lang.reflect.Method.invoke(Method.java:577)
	at org.codehaus.plexus.classworlds.launcher.Launcher.launchEnhanced(Launcher.java:282)
	at org.codehaus.plexus.classworlds.launcher.Launcher.launch(Launcher.java:225)
	at org.codehaus.plexus.classworlds.launcher.Launcher.mainWithExitCode(Launcher.java:406)
	at org.codehaus.plexus.classworlds.launcher.Launcher.main(Launcher.java:347)
2022-11-30 10:55:41,136 ERROR [errorlog] java.lang.IllegalAccessException: class org.apache.commons.beanutils.PropertyUtilsBean cannot access class sun.security.ssl.SSLSocketImpl (in module java.base) because module java.base does not export sun.security.ssl to unnamed module @67536ae0
java.lang.IllegalAccessException: class org.apache.commons.beanutils.PropertyUtilsBean cannot access class sun.security.ssl.SSLSocketImpl (in module java.base) because module java.base does not export sun.security.ssl to unnamed module @67536ae0
	at java.base/jdk.internal.reflect.Reflection.newIllegalAccessException(Reflection.java:394)
	at java.base/java.lang.reflect.AccessibleObject.checkAccess(AccessibleObject.java:674)
	at java.base/java.lang.reflect.Method.invoke(Method.java:568)
	at org.apache.commons.beanutils.PropertyUtilsBean.invokeMethod(PropertyUtilsBean.java:1773)
	at org.apache.commons.beanutils.PropertyUtilsBean.setSimpleProperty(PropertyUtilsBean.java:1759)
	at org.apache.commons.beanutils.PropertyUtilsBean.setNestedProperty(PropertyUtilsBean.java:1648)
	at org.apache.commons.beanutils.PropertyUtilsBean.setProperty(PropertyUtilsBean.java:1677)
	at org.apache.commons.beanutils.PropertyUtils.setProperty(PropertyUtils.java:559)
	at com.eviware.soapui.impl.wsdl.support.http.SoapUIMultiThreadedHttpConnectionManager$SoapUIClientConnectionOperator.openConnection(SoapUIMultiThreadedHttpConnectionManager.java:257)
	at org.apache.http.impl.conn.AbstractPoolEntry.open(AbstractPoolEntry.java:149)
	at org.apache.http.impl.conn.AbstractPooledConnAdapter.open(AbstractPooledConnAdapter.java:121)
	at org.apache.http.impl.client.DefaultRequestDirector.tryConnect(DefaultRequestDirector.java:561)
	at org.apache.http.impl.client.DefaultRequestDirector.execute(DefaultRequestDirector.java:415)
	at org.apache.http.impl.client.AbstractHttpClient.execute(AbstractHttpClient.java:820)
	at org.apache.http.impl.client.AbstractHttpClient.execute(AbstractHttpClient.java:754)
	at com.eviware.soapui.impl.wsdl.support.http.HttpClientSupport$Helper.execute(HttpClientSupport.java:233)
	at com.eviware.soapui.impl.wsdl.support.http.HttpClientSupport.execute(HttpClientSupport.java:323)
	at com.eviware.soapui.impl.wsdl.submit.transports.http.HttpClientRequestTransport.submitRequest(HttpClientRequestTransport.java:297)
	at com.eviware.soapui.impl.wsdl.submit.transports.http.HttpClientRequestTransport.followRedirects(HttpClientRequestTransport.java:337)
	at com.eviware.soapui.impl.wsdl.submit.transports.http.HttpClientRequestTransport.sendRequest(HttpClientRequestTransport.java:242)
	at com.eviware.soapui.impl.wsdl.WsdlSubmit.run(WsdlSubmit.java:119)
	at com.eviware.soapui.impl.wsdl.WsdlSubmit.submitRequest(WsdlSubmit.java:79)
	at com.eviware.soapui.impl.rest.RestRequest.submit(RestRequest.java:192)
	at com.eviware.soapui.impl.wsdl.teststeps.RestTestRequestStep.run(RestTestRequestStep.java:794)
	at com.eviware.soapui.impl.wsdl.support.AbstractTestCaseRunner.runTestStep(AbstractTestCaseRunner.java:211)
	at com.eviware.soapui.impl.wsdl.testcase.WsdlTestCaseRunner.runCurrentTestStep(WsdlTestCaseRunner.java:47)
	at com.eviware.soapui.impl.wsdl.support.AbstractTestCaseRunner.internalRun(AbstractTestCaseRunner.java:138)
	at com.eviware.soapui.impl.wsdl.support.AbstractTestCaseRunner.internalRun(AbstractTestCaseRunner.java:46)
	at com.eviware.soapui.impl.wsdl.support.AbstractTestRunner.run(AbstractTestRunner.java:128)
	at java.base/java.util.concurrent.Executors$RunnableAdapter.call(Executors.java:539)
	at java.base/java.util.concurrent.FutureTask.run(FutureTask.java:264)
	at java.base/java.util.concurrent.ThreadPoolExecutor.runWorker(ThreadPoolExecutor.java:1136)
	at java.base/java.util.concurrent.ThreadPoolExecutor$Worker.run(ThreadPoolExecutor.java:635)
	at java.base/java.lang.Thread.run(Thread.java:833)
2022-11-30 10:56:50,016 ERROR [errorlog] java.lang.SecurityException: The plugin 'C:\Users\imed\.soapuios\plugins\ready-uxm-plugin-os-1.0.3.jar' has unsigned class files.
java.lang.SecurityException: The plugin 'C:\Users\imed\.soapuios\plugins\ready-uxm-plugin-os-1.0.3.jar' has unsigned class files.
	at com.eviware.soapui.plugins.ProductBodyguard$JarVerifier.verify(ProductBodyguard.java:123)
	at com.eviware.soapui.plugins.ProductBodyguard.isKnown(ProductBodyguard.java:55)
	at com.eviware.soapui.plugins.PluginManager.loadPlugins(PluginManager.java:98)
	at com.eviware.soapui.DefaultSoapUICore.loadPlugins(DefaultSoapUICore.java:167)
	at com.eviware.soapui.DefaultSoapUICore.init(DefaultSoapUICore.java:145)
	at com.eviware.soapui.DefaultSoapUICore.<init>(DefaultSoapUICore.java:132)
	at com.eviware.soapui.tools.AbstractSoapUIRunner.createSoapUICore(AbstractSoapUIRunner.java:216)
	at com.eviware.soapui.tools.AbstractSoapUIRunner.run(AbstractSoapUIRunner.java:192)
	at com.eviware.soapui.maven2.TestMojo.execute(TestMojo.java:114)
	at org.apache.maven.plugin.DefaultBuildPluginManager.executeMojo(DefaultBuildPluginManager.java:137)
	at org.apache.maven.lifecycle.internal.MojoExecutor.doExecute2(MojoExecutor.java:370)
	at org.apache.maven.lifecycle.internal.MojoExecutor.doExecute(MojoExecutor.java:351)
	at org.apache.maven.lifecycle.internal.MojoExecutor.execute(MojoExecutor.java:215)
	at org.apache.maven.lifecycle.internal.MojoExecutor.execute(MojoExecutor.java:171)
	at org.apache.maven.lifecycle.internal.MojoExecutor.execute(MojoExecutor.java:163)
	at org.apache.maven.lifecycle.internal.LifecycleModuleBuilder.buildProject(LifecycleModuleBuilder.java:117)
	at org.apache.maven.lifecycle.internal.LifecycleModuleBuilder.buildProject(LifecycleModuleBuilder.java:81)
	at org.apache.maven.lifecycle.internal.builder.singlethreaded.SingleThreadedBuilder.build(SingleThreadedBuilder.java:56)
	at org.apache.maven.lifecycle.internal.LifecycleStarter.execute(LifecycleStarter.java:128)
	at org.apache.maven.DefaultMaven.doExecute(DefaultMaven.java:294)
	at org.apache.maven.DefaultMaven.doExecute(DefaultMaven.java:192)
	at org.apache.maven.DefaultMaven.execute(DefaultMaven.java:105)
	at org.apache.maven.cli.MavenCli.execute(MavenCli.java:960)
	at org.apache.maven.cli.MavenCli.doMain(MavenCli.java:293)
	at org.apache.maven.cli.MavenCli.main(MavenCli.java:196)
	at java.base/jdk.internal.reflect.DirectMethodHandleAccessor.invoke(DirectMethodHandleAccessor.java:104)
	at java.base/java.lang.reflect.Method.invoke(Method.java:577)
	at org.codehaus.plexus.classworlds.launcher.Launcher.launchEnhanced(Launcher.java:282)
	at org.codehaus.plexus.classworlds.launcher.Launcher.launch(Launcher.java:225)
	at org.codehaus.plexus.classworlds.launcher.Launcher.mainWithExitCode(Launcher.java:406)
	at org.codehaus.plexus.classworlds.launcher.Launcher.main(Launcher.java:347)
2022-11-30 10:56:53,221 ERROR [errorlog] java.lang.IllegalAccessException: class org.apache.commons.beanutils.PropertyUtilsBean cannot access class sun.security.ssl.SSLSocketImpl (in module java.base) because module java.base does not export sun.security.ssl to unnamed module @383caf89
java.lang.IllegalAccessException: class org.apache.commons.beanutils.PropertyUtilsBean cannot access class sun.security.ssl.SSLSocketImpl (in module java.base) because module java.base does not export sun.security.ssl to unnamed module @383caf89
	at java.base/jdk.internal.reflect.Reflection.newIllegalAccessException(Reflection.java:394)
	at java.base/java.lang.reflect.AccessibleObject.checkAccess(AccessibleObject.java:674)
	at java.base/java.lang.reflect.Method.invoke(Method.java:568)
	at org.apache.commons.beanutils.PropertyUtilsBean.invokeMethod(PropertyUtilsBean.java:1773)
	at org.apache.commons.beanutils.PropertyUtilsBean.setSimpleProperty(PropertyUtilsBean.java:1759)
	at org.apache.commons.beanutils.PropertyUtilsBean.setNestedProperty(PropertyUtilsBean.java:1648)
	at org.apache.commons.beanutils.PropertyUtilsBean.setProperty(PropertyUtilsBean.java:1677)
	at org.apache.commons.beanutils.PropertyUtils.setProperty(PropertyUtils.java:559)
	at com.eviware.soapui.impl.wsdl.support.http.SoapUIMultiThreadedHttpConnectionManager$SoapUIClientConnectionOperator.openConnection(SoapUIMultiThreadedHttpConnectionManager.java:257)
	at org.apache.http.impl.conn.AbstractPoolEntry.open(AbstractPoolEntry.java:149)
	at org.apache.http.impl.conn.AbstractPooledConnAdapter.open(AbstractPooledConnAdapter.java:121)
	at org.apache.http.impl.client.DefaultRequestDirector.tryConnect(DefaultRequestDirector.java:561)
	at org.apache.http.impl.client.DefaultRequestDirector.execute(DefaultRequestDirector.java:415)
	at org.apache.http.impl.client.AbstractHttpClient.execute(AbstractHttpClient.java:820)
	at org.apache.http.impl.client.AbstractHttpClient.execute(AbstractHttpClient.java:754)
	at com.eviware.soapui.impl.wsdl.support.http.HttpClientSupport$Helper.execute(HttpClientSupport.java:233)
	at com.eviware.soapui.impl.wsdl.support.http.HttpClientSupport.execute(HttpClientSupport.java:323)
	at com.eviware.soapui.impl.wsdl.submit.transports.http.HttpClientRequestTransport.submitRequest(HttpClientRequestTransport.java:297)
	at com.eviware.soapui.impl.wsdl.submit.transports.http.HttpClientRequestTransport.followRedirects(HttpClientRequestTransport.java:337)
	at com.eviware.soapui.impl.wsdl.submit.transports.http.HttpClientRequestTransport.sendRequest(HttpClientRequestTransport.java:242)
	at com.eviware.soapui.impl.wsdl.WsdlSubmit.run(WsdlSubmit.java:119)
	at com.eviware.soapui.impl.wsdl.WsdlSubmit.submitRequest(WsdlSubmit.java:79)
	at com.eviware.soapui.impl.rest.RestRequest.submit(RestRequest.java:192)
	at com.eviware.soapui.impl.wsdl.teststeps.RestTestRequestStep.run(RestTestRequestStep.java:794)
	at com.eviware.soapui.impl.wsdl.support.AbstractTestCaseRunner.runTestStep(AbstractTestCaseRunner.java:211)
	at com.eviware.soapui.impl.wsdl.testcase.WsdlTestCaseRunner.runCurrentTestStep(WsdlTestCaseRunner.java:47)
	at com.eviware.soapui.impl.wsdl.support.AbstractTestCaseRunner.internalRun(AbstractTestCaseRunner.java:138)
	at com.eviware.soapui.impl.wsdl.support.AbstractTestCaseRunner.internalRun(AbstractTestCaseRunner.java:46)
	at com.eviware.soapui.impl.wsdl.support.AbstractTestRunner.run(AbstractTestRunner.java:128)
	at java.base/java.util.concurrent.Executors$RunnableAdapter.call(Executors.java:539)
	at java.base/java.util.concurrent.FutureTask.run(FutureTask.java:264)
	at java.base/java.util.concurrent.ThreadPoolExecutor.runWorker(ThreadPoolExecutor.java:1136)
	at java.base/java.util.concurrent.ThreadPoolExecutor$Worker.run(ThreadPoolExecutor.java:635)
	at java.base/java.lang.Thread.run(Thread.java:833)
2022-11-30 10:58:04,123 ERROR [errorlog] java.lang.SecurityException: The plugin 'C:\Users\imed\.soapuios\plugins\ready-uxm-plugin-os-1.0.3.jar' has unsigned class files.
java.lang.SecurityException: The plugin 'C:\Users\imed\.soapuios\plugins\ready-uxm-plugin-os-1.0.3.jar' has unsigned class files.
	at com.eviware.soapui.plugins.ProductBodyguard$JarVerifier.verify(ProductBodyguard.java:123)
	at com.eviware.soapui.plugins.ProductBodyguard.isKnown(ProductBodyguard.java:55)
	at com.eviware.soapui.plugins.PluginManager.loadPlugins(PluginManager.java:98)
	at com.eviware.soapui.DefaultSoapUICore.loadPlugins(DefaultSoapUICore.java:167)
	at com.eviware.soapui.DefaultSoapUICore.init(DefaultSoapUICore.java:145)
	at com.eviware.soapui.DefaultSoapUICore.<init>(DefaultSoapUICore.java:132)
	at com.eviware.soapui.tools.AbstractSoapUIRunner.createSoapUICore(AbstractSoapUIRunner.java:216)
	at com.eviware.soapui.tools.AbstractSoapUIRunner.run(AbstractSoapUIRunner.java:192)
	at com.eviware.soapui.maven2.TestMojo.execute(TestMojo.java:114)
	at org.apache.maven.plugin.DefaultBuildPluginManager.executeMojo(DefaultBuildPluginManager.java:137)
	at org.apache.maven.lifecycle.internal.MojoExecutor.doExecute2(MojoExecutor.java:370)
	at org.apache.maven.lifecycle.internal.MojoExecutor.doExecute(MojoExecutor.java:351)
	at org.apache.maven.lifecycle.internal.MojoExecutor.execute(MojoExecutor.java:215)
	at org.apache.maven.lifecycle.internal.MojoExecutor.execute(MojoExecutor.java:171)
	at org.apache.maven.lifecycle.internal.MojoExecutor.execute(MojoExecutor.java:163)
	at org.apache.maven.lifecycle.internal.LifecycleModuleBuilder.buildProject(LifecycleModuleBuilder.java:117)
	at org.apache.maven.lifecycle.internal.LifecycleModuleBuilder.buildProject(LifecycleModuleBuilder.java:81)
	at org.apache.maven.lifecycle.internal.builder.singlethreaded.SingleThreadedBuilder.build(SingleThreadedBuilder.java:56)
	at org.apache.maven.lifecycle.internal.LifecycleStarter.execute(LifecycleStarter.java:128)
	at org.apache.maven.DefaultMaven.doExecute(DefaultMaven.java:294)
	at org.apache.maven.DefaultMaven.doExecute(DefaultMaven.java:192)
	at org.apache.maven.DefaultMaven.execute(DefaultMaven.java:105)
	at org.apache.maven.cli.MavenCli.execute(MavenCli.java:960)
	at org.apache.maven.cli.MavenCli.doMain(MavenCli.java:293)
	at org.apache.maven.cli.MavenCli.main(MavenCli.java:196)
	at java.base/jdk.internal.reflect.DirectMethodHandleAccessor.invoke(DirectMethodHandleAccessor.java:104)
	at java.base/java.lang.reflect.Method.invoke(Method.java:577)
	at org.codehaus.plexus.classworlds.launcher.Launcher.launchEnhanced(Launcher.java:282)
	at org.codehaus.plexus.classworlds.launcher.Launcher.launch(Launcher.java:225)
	at org.codehaus.plexus.classworlds.launcher.Launcher.mainWithExitCode(Launcher.java:406)
	at org.codehaus.plexus.classworlds.launcher.Launcher.main(Launcher.java:347)
2022-11-30 10:58:07,039 ERROR [errorlog] java.lang.IllegalAccessException: class org.apache.commons.beanutils.PropertyUtilsBean cannot access class sun.security.ssl.SSLSocketImpl (in module java.base) because module java.base does not export sun.security.ssl to unnamed module @111d5c97
java.lang.IllegalAccessException: class org.apache.commons.beanutils.PropertyUtilsBean cannot access class sun.security.ssl.SSLSocketImpl (in module java.base) because module java.base does not export sun.security.ssl to unnamed module @111d5c97
	at java.base/jdk.internal.reflect.Reflection.newIllegalAccessException(Reflection.java:394)
	at java.base/java.lang.reflect.AccessibleObject.checkAccess(AccessibleObject.java:674)
	at java.base/java.lang.reflect.Method.invoke(Method.java:568)
	at org.apache.commons.beanutils.PropertyUtilsBean.invokeMethod(PropertyUtilsBean.java:1773)
	at org.apache.commons.beanutils.PropertyUtilsBean.setSimpleProperty(PropertyUtilsBean.java:1759)
	at org.apache.commons.beanutils.PropertyUtilsBean.setNestedProperty(PropertyUtilsBean.java:1648)
	at org.apache.commons.beanutils.PropertyUtilsBean.setProperty(PropertyUtilsBean.java:1677)
	at org.apache.commons.beanutils.PropertyUtils.setProperty(PropertyUtils.java:559)
	at com.eviware.soapui.impl.wsdl.support.http.SoapUIMultiThreadedHttpConnectionManager$SoapUIClientConnectionOperator.openConnection(SoapUIMultiThreadedHttpConnectionManager.java:257)
	at org.apache.http.impl.conn.AbstractPoolEntry.open(AbstractPoolEntry.java:149)
	at org.apache.http.impl.conn.AbstractPooledConnAdapter.open(AbstractPooledConnAdapter.java:121)
	at org.apache.http.impl.client.DefaultRequestDirector.tryConnect(DefaultRequestDirector.java:561)
	at org.apache.http.impl.client.DefaultRequestDirector.execute(DefaultRequestDirector.java:415)
	at org.apache.http.impl.client.AbstractHttpClient.execute(AbstractHttpClient.java:820)
	at org.apache.http.impl.client.AbstractHttpClient.execute(AbstractHttpClient.java:754)
	at com.eviware.soapui.impl.wsdl.support.http.HttpClientSupport$Helper.execute(HttpClientSupport.java:233)
	at com.eviware.soapui.impl.wsdl.support.http.HttpClientSupport.execute(HttpClientSupport.java:323)
	at com.eviware.soapui.impl.wsdl.submit.transports.http.HttpClientRequestTransport.submitRequest(HttpClientRequestTransport.java:297)
	at com.eviware.soapui.impl.wsdl.submit.transports.http.HttpClientRequestTransport.followRedirects(HttpClientRequestTransport.java:337)
	at com.eviware.soapui.impl.wsdl.submit.transports.http.HttpClientRequestTransport.sendRequest(HttpClientRequestTransport.java:242)
	at com.eviware.soapui.impl.wsdl.WsdlSubmit.run(WsdlSubmit.java:119)
	at com.eviware.soapui.impl.wsdl.WsdlSubmit.submitRequest(WsdlSubmit.java:79)
	at com.eviware.soapui.impl.rest.RestRequest.submit(RestRequest.java:192)
	at com.eviware.soapui.impl.wsdl.teststeps.RestTestRequestStep.run(RestTestRequestStep.java:794)
	at com.eviware.soapui.impl.wsdl.support.AbstractTestCaseRunner.runTestStep(AbstractTestCaseRunner.java:211)
	at com.eviware.soapui.impl.wsdl.testcase.WsdlTestCaseRunner.runCurrentTestStep(WsdlTestCaseRunner.java:47)
	at com.eviware.soapui.impl.wsdl.support.AbstractTestCaseRunner.internalRun(AbstractTestCaseRunner.java:138)
	at com.eviware.soapui.impl.wsdl.support.AbstractTestCaseRunner.internalRun(AbstractTestCaseRunner.java:46)
	at com.eviware.soapui.impl.wsdl.support.AbstractTestRunner.run(AbstractTestRunner.java:128)
	at java.base/java.util.concurrent.Executors$RunnableAdapter.call(Executors.java:539)
	at java.base/java.util.concurrent.FutureTask.run(FutureTask.java:264)
	at java.base/java.util.concurrent.ThreadPoolExecutor.runWorker(ThreadPoolExecutor.java:1136)
	at java.base/java.util.concurrent.ThreadPoolExecutor$Worker.run(ThreadPoolExecutor.java:635)
	at java.base/java.lang.Thread.run(Thread.java:833)
2022-11-30 10:58:49,564 ERROR [errorlog] java.lang.SecurityException: The plugin 'C:\Users\imed\.soapuios\plugins\ready-uxm-plugin-os-1.0.3.jar' has unsigned class files.
java.lang.SecurityException: The plugin 'C:\Users\imed\.soapuios\plugins\ready-uxm-plugin-os-1.0.3.jar' has unsigned class files.
	at com.eviware.soapui.plugins.ProductBodyguard$JarVerifier.verify(ProductBodyguard.java:123)
	at com.eviware.soapui.plugins.ProductBodyguard.isKnown(ProductBodyguard.java:55)
	at com.eviware.soapui.plugins.PluginManager.loadPlugins(PluginManager.java:98)
	at com.eviware.soapui.DefaultSoapUICore.loadPlugins(DefaultSoapUICore.java:167)
	at com.eviware.soapui.DefaultSoapUICore.init(DefaultSoapUICore.java:145)
	at com.eviware.soapui.DefaultSoapUICore.<init>(DefaultSoapUICore.java:132)
	at com.eviware.soapui.tools.AbstractSoapUIRunner.createSoapUICore(AbstractSoapUIRunner.java:216)
	at com.eviware.soapui.tools.AbstractSoapUIRunner.run(AbstractSoapUIRunner.java:192)
	at com.eviware.soapui.maven2.TestMojo.execute(TestMojo.java:114)
	at org.apache.maven.plugin.DefaultBuildPluginManager.executeMojo(DefaultBuildPluginManager.java:137)
	at org.apache.maven.lifecycle.internal.MojoExecutor.doExecute2(MojoExecutor.java:370)
	at org.apache.maven.lifecycle.internal.MojoExecutor.doExecute(MojoExecutor.java:351)
	at org.apache.maven.lifecycle.internal.MojoExecutor.execute(MojoExecutor.java:215)
	at org.apache.maven.lifecycle.internal.MojoExecutor.execute(MojoExecutor.java:171)
	at org.apache.maven.lifecycle.internal.MojoExecutor.execute(MojoExecutor.java:163)
	at org.apache.maven.lifecycle.internal.LifecycleModuleBuilder.buildProject(LifecycleModuleBuilder.java:117)
	at org.apache.maven.lifecycle.internal.LifecycleModuleBuilder.buildProject(LifecycleModuleBuilder.java:81)
	at org.apache.maven.lifecycle.internal.builder.singlethreaded.SingleThreadedBuilder.build(SingleThreadedBuilder.java:56)
	at org.apache.maven.lifecycle.internal.LifecycleStarter.execute(LifecycleStarter.java:128)
	at org.apache.maven.DefaultMaven.doExecute(DefaultMaven.java:294)
	at org.apache.maven.DefaultMaven.doExecute(DefaultMaven.java:192)
	at org.apache.maven.DefaultMaven.execute(DefaultMaven.java:105)
	at org.apache.maven.cli.MavenCli.execute(MavenCli.java:960)
	at org.apache.maven.cli.MavenCli.doMain(MavenCli.java:293)
	at org.apache.maven.cli.MavenCli.main(MavenCli.java:196)
	at java.base/jdk.internal.reflect.DirectMethodHandleAccessor.invoke(DirectMethodHandleAccessor.java:104)
	at java.base/java.lang.reflect.Method.invoke(Method.java:577)
	at org.codehaus.plexus.classworlds.launcher.Launcher.launchEnhanced(Launcher.java:282)
	at org.codehaus.plexus.classworlds.launcher.Launcher.launch(Launcher.java:225)
	at org.codehaus.plexus.classworlds.launcher.Launcher.mainWithExitCode(Launcher.java:406)
	at org.codehaus.plexus.classworlds.launcher.Launcher.main(Launcher.java:347)
2022-11-30 10:58:52,553 ERROR [errorlog] java.lang.IllegalAccessException: class org.apache.commons.beanutils.PropertyUtilsBean cannot access class sun.security.ssl.SSLSocketImpl (in module java.base) because module java.base does not export sun.security.ssl to unnamed module @14c93774
java.lang.IllegalAccessException: class org.apache.commons.beanutils.PropertyUtilsBean cannot access class sun.security.ssl.SSLSocketImpl (in module java.base) because module java.base does not export sun.security.ssl to unnamed module @14c93774
	at java.base/jdk.internal.reflect.Reflection.newIllegalAccessException(Reflection.java:394)
	at java.base/java.lang.reflect.AccessibleObject.checkAccess(AccessibleObject.java:674)
	at java.base/java.lang.reflect.Method.invoke(Method.java:568)
	at org.apache.commons.beanutils.PropertyUtilsBean.invokeMethod(PropertyUtilsBean.java:1773)
	at org.apache.commons.beanutils.PropertyUtilsBean.setSimpleProperty(PropertyUtilsBean.java:1759)
	at org.apache.commons.beanutils.PropertyUtilsBean.setNestedProperty(PropertyUtilsBean.java:1648)
	at org.apache.commons.beanutils.PropertyUtilsBean.setProperty(PropertyUtilsBean.java:1677)
	at org.apache.commons.beanutils.PropertyUtils.setProperty(PropertyUtils.java:559)
	at com.eviware.soapui.impl.wsdl.support.http.SoapUIMultiThreadedHttpConnectionManager$SoapUIClientConnectionOperator.openConnection(SoapUIMultiThreadedHttpConnectionManager.java:257)
	at org.apache.http.impl.conn.AbstractPoolEntry.open(AbstractPoolEntry.java:149)
	at org.apache.http.impl.conn.AbstractPooledConnAdapter.open(AbstractPooledConnAdapter.java:121)
	at org.apache.http.impl.client.DefaultRequestDirector.tryConnect(DefaultRequestDirector.java:561)
	at org.apache.http.impl.client.DefaultRequestDirector.execute(DefaultRequestDirector.java:415)
	at org.apache.http.impl.client.AbstractHttpClient.execute(AbstractHttpClient.java:820)
	at org.apache.http.impl.client.AbstractHttpClient.execute(AbstractHttpClient.java:754)
	at com.eviware.soapui.impl.wsdl.support.http.HttpClientSupport$Helper.execute(HttpClientSupport.java:233)
	at com.eviware.soapui.impl.wsdl.support.http.HttpClientSupport.execute(HttpClientSupport.java:323)
	at com.eviware.soapui.impl.wsdl.submit.transports.http.HttpClientRequestTransport.submitRequest(HttpClientRequestTransport.java:297)
	at com.eviware.soapui.impl.wsdl.submit.transports.http.HttpClientRequestTransport.followRedirects(HttpClientRequestTransport.java:337)
	at com.eviware.soapui.impl.wsdl.submit.transports.http.HttpClientRequestTransport.sendRequest(HttpClientRequestTransport.java:242)
	at com.eviware.soapui.impl.wsdl.WsdlSubmit.run(WsdlSubmit.java:119)
	at com.eviware.soapui.impl.wsdl.WsdlSubmit.submitRequest(WsdlSubmit.java:79)
	at com.eviware.soapui.impl.rest.RestRequest.submit(RestRequest.java:192)
	at com.eviware.soapui.impl.wsdl.teststeps.RestTestRequestStep.run(RestTestRequestStep.java:794)
	at com.eviware.soapui.impl.wsdl.support.AbstractTestCaseRunner.runTestStep(AbstractTestCaseRunner.java:211)
	at com.eviware.soapui.impl.wsdl.testcase.WsdlTestCaseRunner.runCurrentTestStep(WsdlTestCaseRunner.java:47)
	at com.eviware.soapui.impl.wsdl.support.AbstractTestCaseRunner.internalRun(AbstractTestCaseRunner.java:138)
	at com.eviware.soapui.impl.wsdl.support.AbstractTestCaseRunner.internalRun(AbstractTestCaseRunner.java:46)
	at com.eviware.soapui.impl.wsdl.support.AbstractTestRunner.run(AbstractTestRunner.java:128)
	at java.base/java.util.concurrent.Executors$RunnableAdapter.call(Executors.java:539)
	at java.base/java.util.concurrent.FutureTask.run(FutureTask.java:264)
	at java.base/java.util.concurrent.ThreadPoolExecutor.runWorker(ThreadPoolExecutor.java:1136)
	at java.base/java.util.concurrent.ThreadPoolExecutor$Worker.run(ThreadPoolExecutor.java:635)
	at java.base/java.lang.Thread.run(Thread.java:833)
